<?xml version="1.0" encoding="UTF-8"?>
<robot generator="Robot 6.1.1 (Python 3.7.1 on win32)" generated="20240209 13:05:23.439" rpa="false" schemaversion="4">
<suite id="s1" name="Valid login suite" source="c:\Users\mahsan\Desktop\HealthRecortRobotFramework\tests\1_loginSuite\Valid_login_suite.robot">
<test id="s1-t1" name="TC1" line="13">
<kw name="Launch Browse And Navigate To Url" library="common_functionality" type="SETUP">
<kw name="Open Browser" library="SeleniumLibrary">
<arg>browser=${BROWSER_NAME}</arg>
<doc>Opens a new browser instance to the optional ``url``.</doc>
<msg timestamp="20240209 13:05:24.464" level="INFO">Opening browser 'chrome' to base url 'None'.</msg>
<status status="PASS" starttime="20240209 13:05:24.463" endtime="20240209 13:05:30.984"/>
</kw>
<kw name="Maximize Browser Window" library="SeleniumLibrary">
<doc>Maximizes current browser window.</doc>
<status status="PASS" starttime="20240209 13:05:30.985" endtime="20240209 13:05:31.108"/>
</kw>
<kw name="Set Selenium Implicit Wait" library="SeleniumLibrary">
<arg>10s</arg>
<doc>Sets the implicit wait value used by Selenium.</doc>
<status status="PASS" starttime="20240209 13:05:31.109" endtime="20240209 13:05:31.111"/>
</kw>
<kw name="Go To" library="SeleniumLibrary">
<arg>url=${URL}</arg>
<doc>Navigates the current browser window to the provided ``url``.</doc>
<msg timestamp="20240209 13:05:31.113" level="INFO">Opening url 'https://demo.openemr.io/b/openemr'</msg>
<status status="PASS" starttime="20240209 13:05:31.112" endtime="20240209 13:05:33.019"/>
</kw>
<status status="PASS" starttime="20240209 13:05:24.462" endtime="20240209 13:05:33.021"/>
</kw>
<kw name="Valid Login Template">
<arg>admin</arg>
<arg>pass</arg>
<arg>English (Indian)</arg>
<arg>OpenEMR</arg>
<kw name="Input Text" library="SeleniumLibrary">
<arg>id=authUser</arg>
<arg>${username}</arg>
<doc>Types the given ``text`` into the text field identified by ``locator``.</doc>
<msg timestamp="20240209 13:05:33.030" level="INFO">Typing text 'admin' into text field 'id=authUser'.</msg>
<msg timestamp="20240209 13:05:33.097" level="WARN">Keyword 'Capture Page Screenshot' could not be run on failure: Message: no such window: target window already closed
from unknown error: web view not found
  (Session info: chrome=121.0.6167.161)
Stacktrace:
	GetHandleVerifier [0x00007FF7210C5E42+3538674]
	(No symbol) [0x00007FF720CE4C02]
	(No symbol) [0x00007FF720B95AEB]
	(No symbol) [0x00007FF720B7288C]
	(No symbol) [0x00007FF720C05DD7]
	(No symbol) [0x00007FF720C1B40F]
	(No symbol) [0x00007FF720BFEE53]
	(No symbol) [0x00007FF720BCF514]
	(No symbol) [0x00007FF720BD0631]
	GetHandleVerifier [0x00007FF7210F6CAD+3738973]
	GetHandleVerifier [0x00007FF72114C506+4089270]
	GetHandleVerifier [0x00007FF721144823+4057299]
	GetHandleVerifier [0x00007FF720E15C49+720121]
	(No symbol) [0x00007FF720CF126F]
	(No symbol) [0x00007FF720CEC304]
	(No symbol) [0x00007FF720CEC432]
	(No symbol) [0x00007FF720CDBD04]
	(No symbol) [0x00007FFD84C67344]
	RtlUserThreadStart [0x00007FFD85E826B1+33]
</msg>
<msg timestamp="20240209 13:05:33.112" level="FAIL">NoSuchWindowException: Message: no such window: target window already closed
from unknown error: web view not found
  (Session info: chrome=121.0.6167.161)
Stacktrace:
	GetHandleVerifier [0x00007FF7210C5E42+3538674]
	(No symbol) [0x00007FF720CE4C02]
	(No symbol) [0x00007FF720B95AEB]
	(No symbol) [0x00007FF720B7288C]
	(No symbol) [0x00007FF720C05DD7]
	(No symbol) [0x00007FF720C1B40F]
	(No symbol) [0x00007FF720BFEE53]
	(No symbol) [0x00007FF720BCF514]
	(No symbol) [0x00007FF720BD0631]
	GetHandleVerifier [0x00007FF7210F6CAD+3738973]
	GetHandleVerifier [0x00007FF72114C506+4089270]
	GetHandleVerifier [0x00007FF721144823+4057299]
	GetHandleVerifier [0x00007FF720E15C49+720121]
	(No symbol) [0x00007FF720CF126F]
	(No symbol) [0x00007FF720CEC304]
	(No symbol) [0x00007FF720CEC432]
	(No symbol) [0x00007FF720CDBD04]
	(No symbol) [0x00007FFD84C67344]
	RtlUserThreadStart [0x00007FFD85E826B1+33]
</msg>
<status status="FAIL" starttime="20240209 13:05:33.028" endtime="20240209 13:05:33.120"/>
</kw>
<kw name="Input Password" library="SeleniumLibrary">
<arg>id=clearPass</arg>
<arg>${password}</arg>
<doc>Types the given password into the text field identified by ``locator``.</doc>
<status status="NOT RUN" starttime="20240209 13:05:33.122" endtime="20240209 13:05:33.123"/>
</kw>
<kw name="Select From List By Label" library="SeleniumLibrary">
<arg>xpath=//Select[@name='languageChoice']</arg>
<arg>${language_choice}</arg>
<doc>Selects options from selection list ``locator`` by ``labels``.</doc>
<status status="NOT RUN" starttime="20240209 13:05:33.124" endtime="20240209 13:05:33.124"/>
</kw>
<kw name="Click Element" library="SeleniumLibrary">
<arg>id=login-button</arg>
<doc>Click the element identified by ``locator``.</doc>
<status status="NOT RUN" starttime="20240209 13:05:33.125" endtime="20240209 13:05:33.125"/>
</kw>
<kw name="Title Should Be" library="SeleniumLibrary">
<arg>${expected_title}</arg>
<doc>Verifies that the current page title equals ``title``.</doc>
<status status="NOT RUN" starttime="20240209 13:05:33.125" endtime="20240209 13:05:33.125"/>
</kw>
<status status="FAIL" starttime="20240209 13:05:33.026" endtime="20240209 13:05:33.126"/>
</kw>
<kw name="Close Browser" library="SeleniumLibrary" type="TEARDOWN">
<doc>Closes the current browser.</doc>
<status status="PASS" starttime="20240209 13:05:33.127" endtime="20240209 13:05:35.273"/>
</kw>
<status status="FAIL" starttime="20240209 13:05:24.459" endtime="20240209 13:05:35.276">NoSuchWindowException: Message: no such window: target window already closed
from unknown error: web view not found
  (Session info: chrome=121.0.6167.161)
Stacktrace:
	GetHandleVerifier [0x00007FF7210C5E42+3538674]
	(No symbol) [0x00007FF720CE4C02]
	(No symbol) [0x00007FF720B95AEB]
	(No symbol) [0x00007FF720B7288C]
	(No symbol) [0x00007FF720C05DD7]
	(No symbol) [0x00007FF720C1B40F]
	(No symbol) [0x00007FF720BFEE53]
	(No symbol) [0x00007FF720BCF514]
	(No symbol) [0x00007FF720BD0631]
	GetHandleVerifier [0x00007FF7210F6CAD+3738973]
	GetHandleVerifier [0x00007FF72114C506+4089270]
	GetHandleVerifier [0x00007FF721144823+4057299]
	GetHandleVerifier [0x00007FF720E15C49+720121]
	(No symbol) [0x00007FF720CF126F]
	(No symbol) [0x00007FF720CEC304]
	(No symbol) [0x00007FF720CEC432]
	(No symbol) [0x00007FF720CDBD04]
	(No symbol) [0x00007FFD84C67344]
	RtlUserThreadStart [0x00007FFD85E826B1+33]
</status>
</test>
<test id="s1-t2" name="TC2" line="13">
<kw name="Launch Browse And Navigate To Url" library="common_functionality" type="SETUP">
<kw name="Open Browser" library="SeleniumLibrary">
<arg>browser=${BROWSER_NAME}</arg>
<doc>Opens a new browser instance to the optional ``url``.</doc>
<msg timestamp="20240209 13:05:35.297" level="INFO">Opening browser 'chrome' to base url 'None'.</msg>
<status status="PASS" starttime="20240209 13:05:35.296" endtime="20240209 13:05:42.411"/>
</kw>
<kw name="Maximize Browser Window" library="SeleniumLibrary">
<doc>Maximizes current browser window.</doc>
<status status="PASS" starttime="20240209 13:05:42.412" endtime="20240209 13:05:42.536"/>
</kw>
<kw name="Set Selenium Implicit Wait" library="SeleniumLibrary">
<arg>10s</arg>
<doc>Sets the implicit wait value used by Selenium.</doc>
<status status="PASS" starttime="20240209 13:05:42.536" endtime="20240209 13:05:42.542"/>
</kw>
<kw name="Go To" library="SeleniumLibrary">
<arg>url=${URL}</arg>
<doc>Navigates the current browser window to the provided ``url``.</doc>
<msg timestamp="20240209 13:05:42.543" level="INFO">Opening url 'https://demo.openemr.io/b/openemr'</msg>
<status status="PASS" starttime="20240209 13:05:42.543" endtime="20240209 13:05:49.796"/>
</kw>
<status status="PASS" starttime="20240209 13:05:35.294" endtime="20240209 13:05:49.796"/>
</kw>
<kw name="Valid Login Template">
<arg>accountant</arg>
<arg>accountant</arg>
<arg>English (Indian)</arg>
<arg>OpenEMR</arg>
<kw name="Input Text" library="SeleniumLibrary">
<arg>id=authUser</arg>
<arg>${username}</arg>
<doc>Types the given ``text`` into the text field identified by ``locator``.</doc>
<msg timestamp="20240209 13:05:49.805" level="INFO">Typing text 'accountant' into text field 'id=authUser'.</msg>
<status status="PASS" starttime="20240209 13:05:49.803" endtime="20240209 13:05:49.957"/>
</kw>
<kw name="Input Password" library="SeleniumLibrary">
<arg>id=clearPass</arg>
<arg>${password}</arg>
<doc>Types the given password into the text field identified by ``locator``.</doc>
<msg timestamp="20240209 13:05:49.959" level="INFO">Typing password into text field 'id=clearPass'.</msg>
<msg timestamp="20240209 13:05:50.008" level="INFO">Temporally setting log level to: NONE</msg>
<msg timestamp="20240209 13:05:50.063" level="INFO">Log level changed from NONE to INFO.</msg>
<status status="PASS" starttime="20240209 13:05:49.958" endtime="20240209 13:05:50.064"/>
</kw>
<kw name="Select From List By Label" library="SeleniumLibrary">
<arg>xpath=//Select[@name='languageChoice']</arg>
<arg>${language_choice}</arg>
<doc>Selects options from selection list ``locator`` by ``labels``.</doc>
<msg timestamp="20240209 13:05:50.067" level="INFO">Selecting options from selection list 'xpath=//Select[@name='languageChoice']' by label English (Indian).</msg>
<status status="PASS" starttime="20240209 13:05:50.064" endtime="20240209 13:05:50.265"/>
</kw>
<kw name="Click Element" library="SeleniumLibrary">
<arg>id=login-button</arg>
<doc>Click the element identified by ``locator``.</doc>
<msg timestamp="20240209 13:05:50.269" level="INFO">Clicking element 'id=login-button'.</msg>
<status status="PASS" starttime="20240209 13:05:50.266" endtime="20240209 13:05:53.567"/>
</kw>
<kw name="Title Should Be" library="SeleniumLibrary">
<arg>${expected_title}</arg>
<doc>Verifies that the current page title equals ``title``.</doc>
<msg timestamp="20240209 13:05:53.580" level="WARN">Keyword 'Capture Page Screenshot' could not be run on failure: Message: no such window: target window already closed
from unknown error: web view not found
  (Session info: chrome=121.0.6167.161)
Stacktrace:
	GetHandleVerifier [0x00007FF7210C5E42+3538674]
	(No symbol) [0x00007FF720CE4C02]
	(No symbol) [0x00007FF720B95AEB]
	(No symbol) [0x00007FF720B7288C]
	(No symbol) [0x00007FF720C05DD7]
	(No symbol) [0x00007FF720C1B40F]
	(No symbol) [0x00007FF720BFEE53]
	(No symbol) [0x00007FF720BCF514]
	(No symbol) [0x00007FF720BD0631]
	GetHandleVerifier [0x00007FF7210F6CAD+3738973]
	GetHandleVerifier [0x00007FF72114C506+4089270]
	GetHandleVerifier [0x00007FF721144823+4057299]
	GetHandleVerifier [0x00007FF720E15C49+720121]
	(No symbol) [0x00007FF720CF126F]
	(No symbol) [0x00007FF720CEC304]
	(No symbol) [0x00007FF720CEC432]
	(No symbol) [0x00007FF720CDBD04]
	(No symbol) [0x00007FFD84C67344]
	RtlUserThreadStart [0x00007FFD85E826B1+33]
</msg>
<msg timestamp="20240209 13:05:53.618" level="FAIL">NoSuchWindowException: Message: no such window: target window already closed
from unknown error: web view not found
  (Session info: chrome=121.0.6167.161)
Stacktrace:
	GetHandleVerifier [0x00007FF7210C5E42+3538674]
	(No symbol) [0x00007FF720CE4C02]
	(No symbol) [0x00007FF720B95AEB]
	(No symbol) [0x00007FF720B7288C]
	(No symbol) [0x00007FF720C05DD7]
	(No symbol) [0x00007FF720C1B40F]
	(No symbol) [0x00007FF720BFEE53]
	(No symbol) [0x00007FF720BCF514]
	(No symbol) [0x00007FF720BD0631]
	GetHandleVerifier [0x00007FF7210F6CAD+3738973]
	GetHandleVerifier [0x00007FF72114C506+4089270]
	GetHandleVerifier [0x00007FF721144823+4057299]
	GetHandleVerifier [0x00007FF720E15C49+720121]
	(No symbol) [0x00007FF720CF126F]
	(No symbol) [0x00007FF720CEC304]
	(No symbol) [0x00007FF720CEC432]
	(No symbol) [0x00007FF720CDBD04]
	(No symbol) [0x00007FFD84C67344]
	RtlUserThreadStart [0x00007FFD85E826B1+33]
</msg>
<status status="FAIL" starttime="20240209 13:05:53.568" endtime="20240209 13:05:53.626"/>
</kw>
<status status="FAIL" starttime="20240209 13:05:49.801" endtime="20240209 13:05:53.629"/>
</kw>
<kw name="Close Browser" library="SeleniumLibrary" type="TEARDOWN">
<doc>Closes the current browser.</doc>
<status status="PASS" starttime="20240209 13:05:53.646" endtime="20240209 13:05:55.807"/>
</kw>
<status status="FAIL" starttime="20240209 13:05:35.289" endtime="20240209 13:05:55.809">NoSuchWindowException: Message: no such window: target window already closed
from unknown error: web view not found
  (Session info: chrome=121.0.6167.161)
Stacktrace:
	GetHandleVerifier [0x00007FF7210C5E42+3538674]
	(No symbol) [0x00007FF720CE4C02]
	(No symbol) [0x00007FF720B95AEB]
	(No symbol) [0x00007FF720B7288C]
	(No symbol) [0x00007FF720C05DD7]
	(No symbol) [0x00007FF720C1B40F]
	(No symbol) [0x00007FF720BFEE53]
	(No symbol) [0x00007FF720BCF514]
	(No symbol) [0x00007FF720BD0631]
	GetHandleVerifier [0x00007FF7210F6CAD+3738973]
	GetHandleVerifier [0x00007FF72114C506+4089270]
	GetHandleVerifier [0x00007FF721144823+4057299]
	GetHandleVerifier [0x00007FF720E15C49+720121]
	(No symbol) [0x00007FF720CF126F]
	(No symbol) [0x00007FF720CEC304]
	(No symbol) [0x00007FF720CEC432]
	(No symbol) [0x00007FF720CDBD04]
	(No symbol) [0x00007FFD84C67344]
	RtlUserThreadStart [0x00007FFD85E826B1+33]
</status>
</test>
<test id="s1-t3" name="TC3" line="13">
<kw name="Launch Browse And Navigate To Url" library="common_functionality" type="SETUP">
<kw name="Open Browser" library="SeleniumLibrary">
<arg>browser=${BROWSER_NAME}</arg>
<doc>Opens a new browser instance to the optional ``url``.</doc>
<msg timestamp="20240209 13:05:55.834" level="INFO">Opening browser 'chrome' to base url 'None'.</msg>
<status status="PASS" starttime="20240209 13:05:55.831" endtime="20240209 13:06:02.809"/>
</kw>
<kw name="Maximize Browser Window" library="SeleniumLibrary">
<doc>Maximizes current browser window.</doc>
<msg timestamp="20240209 13:06:12.426" level="WARN">Retrying (Retry(total=2, connect=None, read=None, redirect=None, status=None)) after connection broken by 'NewConnectionError('&lt;urllib3.connection.HTTPConnection object at 0x0000020F50B1FDA0&gt;: Failed to establish a new connection: [WinError 10061] No connection could be made because the target machine actively refused it')': /session/bba2e6586eacc11c241ddff2d705a164/screenshot</msg>
<msg timestamp="20240209 13:06:16.525" level="WARN">Retrying (Retry(total=1, connect=None, read=None, redirect=None, status=None)) after connection broken by 'NewConnectionError('&lt;urllib3.connection.HTTPConnection object at 0x0000020F50AF9CF8&gt;: Failed to establish a new connection: [WinError 10061] No connection could be made because the target machine actively refused it')': /session/bba2e6586eacc11c241ddff2d705a164/screenshot</msg>
<msg timestamp="20240209 13:06:20.634" level="WARN">Retrying (Retry(total=0, connect=None, read=None, redirect=None, status=None)) after connection broken by 'NewConnectionError('&lt;urllib3.connection.HTTPConnection object at 0x0000020F50B1F128&gt;: Failed to establish a new connection: [WinError 10061] No connection could be made because the target machine actively refused it')': /session/bba2e6586eacc11c241ddff2d705a164/screenshot</msg>
<msg timestamp="20240209 13:06:24.715" level="WARN">Keyword 'Capture Page Screenshot' could not be run on failure: HTTPConnectionPool(host='localhost', port=55172): Max retries exceeded with url: /session/bba2e6586eacc11c241ddff2d705a164/screenshot (Caused by NewConnectionError('&lt;urllib3.connection.HTTPConnection object at 0x0000020F50B1F2E8&gt;: Failed to establish a new connection: [WinError 10061] No connection could be made because the target machine actively refused it'))</msg>
<msg timestamp="20240209 13:06:24.721" level="FAIL">ProtocolError: ('Connection aborted.', ConnectionResetError(10054, 'An existing connection was forcibly closed by the remote host', None, 10054, None))</msg>
<status status="FAIL" starttime="20240209 13:06:02.809" endtime="20240209 13:06:24.761"/>
</kw>
<kw name="Set Selenium Implicit Wait" library="SeleniumLibrary">
<arg>10s</arg>
<doc>Sets the implicit wait value used by Selenium.</doc>
<status status="NOT RUN" starttime="20240209 13:06:24.763" endtime="20240209 13:06:24.764"/>
</kw>
<kw name="Go To" library="SeleniumLibrary">
<arg>url=${URL}</arg>
<doc>Navigates the current browser window to the provided ``url``.</doc>
<status status="NOT RUN" starttime="20240209 13:06:24.766" endtime="20240209 13:06:24.767"/>
</kw>
<status status="FAIL" starttime="20240209 13:05:55.829" endtime="20240209 13:06:24.768"/>
</kw>
<kw name="Close Browser" library="SeleniumLibrary" type="TEARDOWN">
<doc>Closes the current browser.</doc>
<msg timestamp="20240209 13:06:28.866" level="WARN">Retrying (Retry(total=2, connect=None, read=None, redirect=None, status=None)) after connection broken by 'NewConnectionError('&lt;urllib3.connection.HTTPConnection object at 0x0000020F50B10A20&gt;: Failed to establish a new connection: [WinError 10061] No connection could be made because the target machine actively refused it')': /session/bba2e6586eacc11c241ddff2d705a164</msg>
<msg timestamp="20240209 13:06:32.962" level="WARN">Retrying (Retry(total=1, connect=None, read=None, redirect=None, status=None)) after connection broken by 'NewConnectionError('&lt;urllib3.connection.HTTPConnection object at 0x0000020F50B10DD8&gt;: Failed to establish a new connection: [WinError 10061] No connection could be made because the target machine actively refused it')': /session/bba2e6586eacc11c241ddff2d705a164</msg>
<msg timestamp="20240209 13:06:37.058" level="WARN">Retrying (Retry(total=0, connect=None, read=None, redirect=None, status=None)) after connection broken by 'NewConnectionError('&lt;urllib3.connection.HTTPConnection object at 0x0000020F50B10198&gt;: Failed to establish a new connection: [WinError 10061] No connection could be made because the target machine actively refused it')': /session/bba2e6586eacc11c241ddff2d705a164</msg>
<status status="PASS" starttime="20240209 13:06:24.770" endtime="20240209 13:06:45.238"/>
</kw>
<status status="FAIL" starttime="20240209 13:05:55.824" endtime="20240209 13:06:45.241">Setup failed:
ProtocolError: ('Connection aborted.', ConnectionResetError(10054, 'An existing connection was forcibly closed by the remote host', None, 10054, None))</status>
</test>
<status status="FAIL" starttime="20240209 13:05:23.444" endtime="20240209 13:06:45.249"/>
</suite>
<statistics>
<total>
<stat pass="0" fail="3" skip="0">All Tests</stat>
</total>
<tag>
</tag>
<suite>
<stat pass="0" fail="3" skip="0" id="s1" name="Valid login suite">Valid login suite</stat>
</suite>
</statistics>
<errors>
<msg timestamp="20240209 13:05:33.097" level="WARN">Keyword 'Capture Page Screenshot' could not be run on failure: Message: no such window: target window already closed
from unknown error: web view not found
  (Session info: chrome=121.0.6167.161)
Stacktrace:
	GetHandleVerifier [0x00007FF7210C5E42+3538674]
	(No symbol) [0x00007FF720CE4C02]
	(No symbol) [0x00007FF720B95AEB]
	(No symbol) [0x00007FF720B7288C]
	(No symbol) [0x00007FF720C05DD7]
	(No symbol) [0x00007FF720C1B40F]
	(No symbol) [0x00007FF720BFEE53]
	(No symbol) [0x00007FF720BCF514]
	(No symbol) [0x00007FF720BD0631]
	GetHandleVerifier [0x00007FF7210F6CAD+3738973]
	GetHandleVerifier [0x00007FF72114C506+4089270]
	GetHandleVerifier [0x00007FF721144823+4057299]
	GetHandleVerifier [0x00007FF720E15C49+720121]
	(No symbol) [0x00007FF720CF126F]
	(No symbol) [0x00007FF720CEC304]
	(No symbol) [0x00007FF720CEC432]
	(No symbol) [0x00007FF720CDBD04]
	(No symbol) [0x00007FFD84C67344]
	RtlUserThreadStart [0x00007FFD85E826B1+33]
</msg>
<msg timestamp="20240209 13:05:53.580" level="WARN">Keyword 'Capture Page Screenshot' could not be run on failure: Message: no such window: target window already closed
from unknown error: web view not found
  (Session info: chrome=121.0.6167.161)
Stacktrace:
	GetHandleVerifier [0x00007FF7210C5E42+3538674]
	(No symbol) [0x00007FF720CE4C02]
	(No symbol) [0x00007FF720B95AEB]
	(No symbol) [0x00007FF720B7288C]
	(No symbol) [0x00007FF720C05DD7]
	(No symbol) [0x00007FF720C1B40F]
	(No symbol) [0x00007FF720BFEE53]
	(No symbol) [0x00007FF720BCF514]
	(No symbol) [0x00007FF720BD0631]
	GetHandleVerifier [0x00007FF7210F6CAD+3738973]
	GetHandleVerifier [0x00007FF72114C506+4089270]
	GetHandleVerifier [0x00007FF721144823+4057299]
	GetHandleVerifier [0x00007FF720E15C49+720121]
	(No symbol) [0x00007FF720CF126F]
	(No symbol) [0x00007FF720CEC304]
	(No symbol) [0x00007FF720CEC432]
	(No symbol) [0x00007FF720CDBD04]
	(No symbol) [0x00007FFD84C67344]
	RtlUserThreadStart [0x00007FFD85E826B1+33]
</msg>
<msg timestamp="20240209 13:06:12.426" level="WARN">Retrying (Retry(total=2, connect=None, read=None, redirect=None, status=None)) after connection broken by 'NewConnectionError('&lt;urllib3.connection.HTTPConnection object at 0x0000020F50B1FDA0&gt;: Failed to establish a new connection: [WinError 10061] No connection could be made because the target machine actively refused it')': /session/bba2e6586eacc11c241ddff2d705a164/screenshot</msg>
<msg timestamp="20240209 13:06:16.525" level="WARN">Retrying (Retry(total=1, connect=None, read=None, redirect=None, status=None)) after connection broken by 'NewConnectionError('&lt;urllib3.connection.HTTPConnection object at 0x0000020F50AF9CF8&gt;: Failed to establish a new connection: [WinError 10061] No connection could be made because the target machine actively refused it')': /session/bba2e6586eacc11c241ddff2d705a164/screenshot</msg>
<msg timestamp="20240209 13:06:20.634" level="WARN">Retrying (Retry(total=0, connect=None, read=None, redirect=None, status=None)) after connection broken by 'NewConnectionError('&lt;urllib3.connection.HTTPConnection object at 0x0000020F50B1F128&gt;: Failed to establish a new connection: [WinError 10061] No connection could be made because the target machine actively refused it')': /session/bba2e6586eacc11c241ddff2d705a164/screenshot</msg>
<msg timestamp="20240209 13:06:24.715" level="WARN">Keyword 'Capture Page Screenshot' could not be run on failure: HTTPConnectionPool(host='localhost', port=55172): Max retries exceeded with url: /session/bba2e6586eacc11c241ddff2d705a164/screenshot (Caused by NewConnectionError('&lt;urllib3.connection.HTTPConnection object at 0x0000020F50B1F2E8&gt;: Failed to establish a new connection: [WinError 10061] No connection could be made because the target machine actively refused it'))</msg>
<msg timestamp="20240209 13:06:28.866" level="WARN">Retrying (Retry(total=2, connect=None, read=None, redirect=None, status=None)) after connection broken by 'NewConnectionError('&lt;urllib3.connection.HTTPConnection object at 0x0000020F50B10A20&gt;: Failed to establish a new connection: [WinError 10061] No connection could be made because the target machine actively refused it')': /session/bba2e6586eacc11c241ddff2d705a164</msg>
<msg timestamp="20240209 13:06:32.962" level="WARN">Retrying (Retry(total=1, connect=None, read=None, redirect=None, status=None)) after connection broken by 'NewConnectionError('&lt;urllib3.connection.HTTPConnection object at 0x0000020F50B10DD8&gt;: Failed to establish a new connection: [WinError 10061] No connection could be made because the target machine actively refused it')': /session/bba2e6586eacc11c241ddff2d705a164</msg>
<msg timestamp="20240209 13:06:37.058" level="WARN">Retrying (Retry(total=0, connect=None, read=None, redirect=None, status=None)) after connection broken by 'NewConnectionError('&lt;urllib3.connection.HTTPConnection object at 0x0000020F50B10198&gt;: Failed to establish a new connection: [WinError 10061] No connection could be made because the target machine actively refused it')': /session/bba2e6586eacc11c241ddff2d705a164</msg>
</errors>
</robot>
