<?xml version="1.0" encoding="UTF-8"?>
<robot generator="Robot 6.1.1 (Python 3.7.1 on win32)" generated="20240209 14:38:57.852" rpa="false" schemaversion="4">
<suite id="s1" name="Valid login suite" source="c:\Users\mahsan\Desktop\HealthRecortRobotFramework\tests\1_loginSuite\Valid_login_suite.robot">
<test id="s1-t1" name="TC1" line="15">
<kw name="Launch Browse And Navigate To Url" library="common_functionality" type="SETUP">
<kw name="Open Browser" library="SeleniumLibrary">
<arg>browser=${BROWSER_NAME}</arg>
<doc>Opens a new browser instance to the optional ``url``.</doc>
<msg timestamp="20240209 14:39:00.977" level="INFO">Opening browser 'chrome' to base url 'None'.</msg>
<status status="PASS" starttime="20240209 14:39:00.975" endtime="20240209 14:39:10.832"/>
</kw>
<kw name="Maximize Browser Window" library="SeleniumLibrary">
<doc>Maximizes current browser window.</doc>
<status status="PASS" starttime="20240209 14:39:10.833" endtime="20240209 14:39:10.965"/>
</kw>
<kw name="Set Selenium Implicit Wait" library="SeleniumLibrary">
<arg>10s</arg>
<doc>Sets the implicit wait value used by Selenium.</doc>
<status status="PASS" starttime="20240209 14:39:10.966" endtime="20240209 14:39:10.968"/>
</kw>
<kw name="Go To" library="SeleniumLibrary">
<arg>url=${URL}</arg>
<doc>Navigates the current browser window to the provided ``url``.</doc>
<msg timestamp="20240209 14:39:10.972" level="INFO">Opening url 'https://demo.openemr.io/b/openemr'</msg>
<status status="PASS" starttime="20240209 14:39:10.969" endtime="20240209 14:39:56.588"/>
</kw>
<status status="PASS" starttime="20240209 14:39:00.970" endtime="20240209 14:39:56.588"/>
</kw>
<kw name="Valid Login Template">
<arg>admin</arg>
<arg>pass</arg>
<arg>English (Indian)</arg>
<arg>OpenEMR</arg>
<kw name="Enter Username" library="LoginPage">
<arg>${username}</arg>
<kw name="Input Text" library="SeleniumLibrary">
<arg>${LOCATOR_USERNAME}</arg>
<arg>${username}</arg>
<doc>Types the given ``text`` into the text field identified by ``locator``.</doc>
<msg timestamp="20240209 14:39:56.594" level="INFO">Typing text 'admin' into text field 'id=authUser'.</msg>
<status status="PASS" starttime="20240209 14:39:56.593" endtime="20240209 14:39:56.710"/>
</kw>
<status status="PASS" starttime="20240209 14:39:56.591" endtime="20240209 14:39:56.711"/>
</kw>
<kw name="Enter Password" library="LoginPage">
<arg>${password}</arg>
<kw name="Input Password" library="SeleniumLibrary">
<arg>${LOCATOR_PASSWORD}</arg>
<arg>${password}</arg>
<doc>Types the given password into the text field identified by ``locator``.</doc>
<msg timestamp="20240209 14:39:56.714" level="INFO">Typing password into text field 'id=clearPass'.</msg>
<msg timestamp="20240209 14:39:56.757" level="INFO">Temporally setting log level to: NONE</msg>
<msg timestamp="20240209 14:39:56.823" level="INFO">Log level changed from NONE to INFO.</msg>
<status status="PASS" starttime="20240209 14:39:56.713" endtime="20240209 14:39:56.823"/>
</kw>
<status status="PASS" starttime="20240209 14:39:56.711" endtime="20240209 14:39:56.824"/>
</kw>
<kw name="Select Language By Label" library="LoginPage">
<arg>${language_choice}</arg>
<kw name="Select From List By Label" library="SeleniumLibrary">
<arg>${LOCATOR_language}</arg>
<arg>${language}</arg>
<doc>Selects options from selection list ``locator`` by ``labels``.</doc>
<msg timestamp="20240209 14:39:56.826" level="INFO">Selecting options from selection list 'xpath=//Select[@name='languageChoice']' by label English (Indian).</msg>
<status status="PASS" starttime="20240209 14:39:56.825" endtime="20240209 14:39:56.915"/>
</kw>
<status status="PASS" starttime="20240209 14:39:56.824" endtime="20240209 14:39:56.915"/>
</kw>
<kw name="Click Login" library="LoginPage">
<kw name="Click Element" library="SeleniumLibrary">
<arg>${LOCATOR_LOGIN}</arg>
<doc>Click the element identified by ``locator``.</doc>
<msg timestamp="20240209 14:39:56.917" level="INFO">Clicking element 'id=login-button'.</msg>
<status status="PASS" starttime="20240209 14:39:56.916" endtime="20240209 14:40:20.419"/>
</kw>
<status status="PASS" starttime="20240209 14:39:56.916" endtime="20240209 14:40:20.420"/>
</kw>
<kw name="Validate Main Page Title" library="MainPage">
<arg>${expected_title}</arg>
<kw name="Title Should Be" library="SeleniumLibrary">
<arg>${expected_title}</arg>
<doc>Verifies that the current page title equals ``title``.</doc>
<msg timestamp="20240209 14:40:20.445" level="INFO">Page title is 'OpenEMR'.</msg>
<status status="PASS" starttime="20240209 14:40:20.425" endtime="20240209 14:40:20.446"/>
</kw>
<status status="PASS" starttime="20240209 14:40:20.421" endtime="20240209 14:40:20.446"/>
</kw>
<status status="PASS" starttime="20240209 14:39:56.590" endtime="20240209 14:40:20.446"/>
</kw>
<kw name="Close Browser" library="SeleniumLibrary" type="TEARDOWN">
<doc>Closes the current browser.</doc>
<status status="PASS" starttime="20240209 14:40:20.449" endtime="20240209 14:40:22.695"/>
</kw>
<status status="PASS" starttime="20240209 14:39:00.967" endtime="20240209 14:40:22.697"/>
</test>
<test id="s1-t2" name="TC2" line="15">
<kw name="Launch Browse And Navigate To Url" library="common_functionality" type="SETUP">
<kw name="Open Browser" library="SeleniumLibrary">
<arg>browser=${BROWSER_NAME}</arg>
<doc>Opens a new browser instance to the optional ``url``.</doc>
<msg timestamp="20240209 14:40:22.709" level="INFO">Opening browser 'chrome' to base url 'None'.</msg>
<status status="PASS" starttime="20240209 14:40:22.707" endtime="20240209 14:40:28.594"/>
</kw>
<kw name="Maximize Browser Window" library="SeleniumLibrary">
<doc>Maximizes current browser window.</doc>
<status status="PASS" starttime="20240209 14:40:28.595" endtime="20240209 14:40:28.714"/>
</kw>
<kw name="Set Selenium Implicit Wait" library="SeleniumLibrary">
<arg>10s</arg>
<doc>Sets the implicit wait value used by Selenium.</doc>
<status status="PASS" starttime="20240209 14:40:28.715" endtime="20240209 14:40:28.720"/>
</kw>
<kw name="Go To" library="SeleniumLibrary">
<arg>url=${URL}</arg>
<doc>Navigates the current browser window to the provided ``url``.</doc>
<msg timestamp="20240209 14:40:28.723" level="INFO">Opening url 'https://demo.openemr.io/b/openemr'</msg>
<status status="PASS" starttime="20240209 14:40:28.720" endtime="20240209 14:40:38.770"/>
</kw>
<status status="PASS" starttime="20240209 14:40:22.706" endtime="20240209 14:40:38.772"/>
</kw>
<kw name="Valid Login Template">
<arg>accountant</arg>
<arg>accountant</arg>
<arg>English (Indian)</arg>
<arg>OpenEMR</arg>
<kw name="Enter Username" library="LoginPage">
<arg>${username}</arg>
<kw name="Input Text" library="SeleniumLibrary">
<arg>${LOCATOR_USERNAME}</arg>
<arg>${username}</arg>
<doc>Types the given ``text`` into the text field identified by ``locator``.</doc>
<msg timestamp="20240209 14:40:38.778" level="INFO">Typing text 'accountant' into text field 'id=authUser'.</msg>
<status status="PASS" starttime="20240209 14:40:38.776" endtime="20240209 14:40:38.888"/>
</kw>
<status status="PASS" starttime="20240209 14:40:38.776" endtime="20240209 14:40:38.888"/>
</kw>
<kw name="Enter Password" library="LoginPage">
<arg>${password}</arg>
<kw name="Input Password" library="SeleniumLibrary">
<arg>${LOCATOR_PASSWORD}</arg>
<arg>${password}</arg>
<doc>Types the given password into the text field identified by ``locator``.</doc>
<msg timestamp="20240209 14:40:38.891" level="INFO">Typing password into text field 'id=clearPass'.</msg>
<msg timestamp="20240209 14:40:38.937" level="INFO">Temporally setting log level to: NONE</msg>
<msg timestamp="20240209 14:40:39.004" level="INFO">Log level changed from NONE to INFO.</msg>
<status status="PASS" starttime="20240209 14:40:38.890" endtime="20240209 14:40:39.006"/>
</kw>
<status status="PASS" starttime="20240209 14:40:38.889" endtime="20240209 14:40:39.007"/>
</kw>
<kw name="Select Language By Label" library="LoginPage">
<arg>${language_choice}</arg>
<kw name="Select From List By Label" library="SeleniumLibrary">
<arg>${LOCATOR_language}</arg>
<arg>${language}</arg>
<doc>Selects options from selection list ``locator`` by ``labels``.</doc>
<msg timestamp="20240209 14:40:39.011" level="INFO">Selecting options from selection list 'xpath=//Select[@name='languageChoice']' by label English (Indian).</msg>
<status status="PASS" starttime="20240209 14:40:39.009" endtime="20240209 14:40:39.106"/>
</kw>
<status status="PASS" starttime="20240209 14:40:39.008" endtime="20240209 14:40:39.107"/>
</kw>
<kw name="Click Login" library="LoginPage">
<kw name="Click Element" library="SeleniumLibrary">
<arg>${LOCATOR_LOGIN}</arg>
<doc>Click the element identified by ``locator``.</doc>
<msg timestamp="20240209 14:40:39.110" level="INFO">Clicking element 'id=login-button'.</msg>
<status status="PASS" starttime="20240209 14:40:39.109" endtime="20240209 14:41:08.511"/>
</kw>
<status status="PASS" starttime="20240209 14:40:39.108" endtime="20240209 14:41:08.512"/>
</kw>
<kw name="Validate Main Page Title" library="MainPage">
<arg>${expected_title}</arg>
<kw name="Title Should Be" library="SeleniumLibrary">
<arg>${expected_title}</arg>
<doc>Verifies that the current page title equals ``title``.</doc>
<msg timestamp="20240209 14:41:08.535" level="INFO">Page title is 'OpenEMR'.</msg>
<status status="PASS" starttime="20240209 14:41:08.515" endtime="20240209 14:41:08.536"/>
</kw>
<status status="PASS" starttime="20240209 14:41:08.513" endtime="20240209 14:41:08.537"/>
</kw>
<status status="PASS" starttime="20240209 14:40:38.774" endtime="20240209 14:41:08.538"/>
</kw>
<kw name="Close Browser" library="SeleniumLibrary" type="TEARDOWN">
<doc>Closes the current browser.</doc>
<status status="PASS" starttime="20240209 14:41:08.540" endtime="20240209 14:41:10.860"/>
</kw>
<status status="PASS" starttime="20240209 14:40:22.701" endtime="20240209 14:41:10.862"/>
</test>
<test id="s1-t3" name="TC3" line="15">
<kw name="Launch Browse And Navigate To Url" library="common_functionality" type="SETUP">
<kw name="Open Browser" library="SeleniumLibrary">
<arg>browser=${BROWSER_NAME}</arg>
<doc>Opens a new browser instance to the optional ``url``.</doc>
<msg timestamp="20240209 14:41:10.873" level="INFO">Opening browser 'chrome' to base url 'None'.</msg>
<status status="PASS" starttime="20240209 14:41:10.872" endtime="20240209 14:41:16.616"/>
</kw>
<kw name="Maximize Browser Window" library="SeleniumLibrary">
<doc>Maximizes current browser window.</doc>
<status status="PASS" starttime="20240209 14:41:16.618" endtime="20240209 14:41:16.747"/>
</kw>
<kw name="Set Selenium Implicit Wait" library="SeleniumLibrary">
<arg>10s</arg>
<doc>Sets the implicit wait value used by Selenium.</doc>
<status status="PASS" starttime="20240209 14:41:16.747" endtime="20240209 14:41:16.749"/>
</kw>
<kw name="Go To" library="SeleniumLibrary">
<arg>url=${URL}</arg>
<doc>Navigates the current browser window to the provided ``url``.</doc>
<msg timestamp="20240209 14:41:16.752" level="INFO">Opening url 'https://demo.openemr.io/b/openemr'</msg>
<status status="PASS" starttime="20240209 14:41:16.750" endtime="20240209 14:41:39.192"/>
</kw>
<status status="PASS" starttime="20240209 14:41:10.871" endtime="20240209 14:41:39.192"/>
</kw>
<kw name="Valid Login Template">
<arg>physician</arg>
<arg>physician</arg>
<arg>Dutch</arg>
<arg>OpenEMR</arg>
<kw name="Enter Username" library="LoginPage">
<arg>${username}</arg>
<kw name="Input Text" library="SeleniumLibrary">
<arg>${LOCATOR_USERNAME}</arg>
<arg>${username}</arg>
<doc>Types the given ``text`` into the text field identified by ``locator``.</doc>
<msg timestamp="20240209 14:41:39.197" level="INFO">Typing text 'physician' into text field 'id=authUser'.</msg>
<status status="PASS" starttime="20240209 14:41:39.196" endtime="20240209 14:41:39.310"/>
</kw>
<status status="PASS" starttime="20240209 14:41:39.195" endtime="20240209 14:41:39.311"/>
</kw>
<kw name="Enter Password" library="LoginPage">
<arg>${password}</arg>
<kw name="Input Password" library="SeleniumLibrary">
<arg>${LOCATOR_PASSWORD}</arg>
<arg>${password}</arg>
<doc>Types the given password into the text field identified by ``locator``.</doc>
<msg timestamp="20240209 14:41:39.313" level="INFO">Typing password into text field 'id=clearPass'.</msg>
<msg timestamp="20240209 14:41:39.372" level="INFO">Temporally setting log level to: NONE</msg>
<msg timestamp="20240209 14:41:39.463" level="INFO">Log level changed from NONE to INFO.</msg>
<status status="PASS" starttime="20240209 14:41:39.312" endtime="20240209 14:41:39.464"/>
</kw>
<status status="PASS" starttime="20240209 14:41:39.311" endtime="20240209 14:41:39.464"/>
</kw>
<kw name="Select Language By Label" library="LoginPage">
<arg>${language_choice}</arg>
<kw name="Select From List By Label" library="SeleniumLibrary">
<arg>${LOCATOR_language}</arg>
<arg>${language}</arg>
<doc>Selects options from selection list ``locator`` by ``labels``.</doc>
<msg timestamp="20240209 14:41:39.469" level="INFO">Selecting options from selection list 'xpath=//Select[@name='languageChoice']' by label Dutch.</msg>
<status status="PASS" starttime="20240209 14:41:39.466" endtime="20240209 14:41:39.568"/>
</kw>
<status status="PASS" starttime="20240209 14:41:39.465" endtime="20240209 14:41:39.568"/>
</kw>
<kw name="Click Login" library="LoginPage">
<kw name="Click Element" library="SeleniumLibrary">
<arg>${LOCATOR_LOGIN}</arg>
<doc>Click the element identified by ``locator``.</doc>
<msg timestamp="20240209 14:41:39.571" level="INFO">Clicking element 'id=login-button'.</msg>
<status status="PASS" starttime="20240209 14:41:39.570" endtime="20240209 14:42:10.528"/>
</kw>
<status status="PASS" starttime="20240209 14:41:39.569" endtime="20240209 14:42:10.529"/>
</kw>
<kw name="Validate Main Page Title" library="MainPage">
<arg>${expected_title}</arg>
<kw name="Title Should Be" library="SeleniumLibrary">
<arg>${expected_title}</arg>
<doc>Verifies that the current page title equals ``title``.</doc>
<msg timestamp="20240209 14:42:10.549" level="INFO">Page title is 'OpenEMR'.</msg>
<status status="PASS" starttime="20240209 14:42:10.531" endtime="20240209 14:42:10.550"/>
</kw>
<status status="PASS" starttime="20240209 14:42:10.529" endtime="20240209 14:42:10.550"/>
</kw>
<status status="PASS" starttime="20240209 14:41:39.193" endtime="20240209 14:42:10.551"/>
</kw>
<kw name="Close Browser" library="SeleniumLibrary" type="TEARDOWN">
<doc>Closes the current browser.</doc>
<status status="PASS" starttime="20240209 14:42:10.553" endtime="20240209 14:42:12.825"/>
</kw>
<status status="PASS" starttime="20240209 14:41:10.867" endtime="20240209 14:42:12.827"/>
</test>
<status status="PASS" starttime="20240209 14:38:57.861" endtime="20240209 14:42:12.833"/>
</suite>
<statistics>
<total>
<stat pass="3" fail="0" skip="0">All Tests</stat>
</total>
<tag>
</tag>
<suite>
<stat pass="3" fail="0" skip="0" id="s1" name="Valid login suite">Valid login suite</stat>
</suite>
</statistics>
<errors>
</errors>
</robot>
